<?xml version="1.0" encoding="UTF-8"?>
<!-- Generated by org.testng.reporters.JUnitReportReporter -->
<testsuite hostname="Avi" failures="0" tests="1" name="test.day1" time="0.007" errors="0" timestamp="2023-09-09T22:17:40 BDT" skipped="0">
  <testcase classname="test.day1" name="SecondCase" time="0.007"/>
</testsuite> <!-- test.day1 -->
