<?xml version="1.0" encoding="UTF-8"?>
<!-- Generated by org.testng.reporters.JUnitReportReporter -->
<testsuite hostname="Avi" failures="0" tests="6" name="test.day3" time="0.017" errors="0" timestamp="2023-09-09T22:17:40 BDT" skipped="1">
  <testcase classname="test.day3" name="MobilesignoutcarLoan" time="0.003"/>
  <testcase classname="test.day3" name="WebloginCarLoan" time="0.006"/>
  <testcase classname="test.day3" name="LoginAPIcarLoan" time="0.001"/>
  <testcase classname="test.day3" name="MobilesignoutcarLoan" time="0.002"/>
  <testcase classname="test.day3" name="MobilesignoutcarLoan" time="0.005"/>
  <testcase classname="test.day3" name="MobilelogincarLoan">
    <skipped/>
  </testcase> <!-- MobilelogincarLoan -->
</testsuite> <!-- test.day3 -->
