<?xml version="1.0" encoding="UTF-8"?>
<!-- Generated by org.testng.reporters.JUnitReportReporter -->
<testsuite hostname="Avi" failures="0" tests="2" name="test.day1" time="0.010" errors="0" timestamp="2023-09-04T23:08:39 BDT" skipped="0">
  <testcase classname="test.day1" name="SecondCase" time="0.001"/>
  <testcase classname="test.day1" name="Demo" time="0.009"/>
</testsuite> <!-- test.day1 -->
