<?xml version="1.0" encoding="UTF-8"?>
<!-- Generated by org.testng.reporters.JUnitReportReporter -->
<testsuite hostname="Avi" failures="0" tests="2" name="avi.tests.SubmitOrderTest" time="0.000" errors="0" timestamp="09 Sep 2023 16:24:03 GMT" skipped="2">
  <testcase classname="avi.tests.SubmitOrderTest" name="OrderHistoryTest" time="0.000">
    <skipped/>
  </testcase> <!-- OrderHistoryTest -->
  <testcase classname="avi.tests.SubmitOrderTest" name="submitOrder" time="0.000">
    <skipped/>
  </testcase> <!-- submitOrder -->
</testsuite> <!-- avi.tests.SubmitOrderTest -->
