<?xml version="1.0" encoding="UTF-8"?>
<!-- Generated by org.testng.reporters.JUnitReportReporter -->
<testsuite hostname="Avi" failures="0" tests="1" name="avi.ExtentReports.ExtentReportDemo" time="3.839" errors="0" timestamp="2023-09-09T19:20:58 BDT" skipped="0">
  <testcase classname="avi.ExtentReports.ExtentReportDemo" name="initialDemo" time="3.839"/>
</testsuite> <!-- avi.ExtentReports.ExtentReportDemo -->
